2025-05-16 14:42:10,787 - INFO - 使用设备: cpu
2025-05-16 14:42:10,788 - INFO - 训练参数配置:
2025-05-16 14:42:10,788 - INFO - 批大小: 64
2025-05-16 14:42:10,788 - INFO - 训练轮数: 30
2025-05-16 14:42:10,788 - INFO - 学习率: 0.001
2025-05-16 14:42:10,789 - INFO - 特征维度: 256
2025-05-16 14:42:10,789 - INFO - 隐藏层维度: 256
2025-05-16 14:42:10,789 - INFO - 层数: 3
2025-05-16 14:42:10,789 - INFO - Dropout率: 0.1
2025-05-16 14:42:10,789 - INFO - 最大序列长度: 50
2025-05-16 14:42:10,790 - INFO - 随机种子已设置为42
2025-05-16 14:42:10,790 - INFO - 开始加载训练数据...
2025-05-16 14:42:10,791 - INFO - 成功加载训练数据，共 61 条对话
2025-05-16 14:42:10,791 - INFO - 开始加载验证数据...
2025-05-16 14:42:10,814 - ERROR - 无法加载验证数据，程序退出
2025-05-16 14:42:48,564 - INFO - 使用设备: cpu
2025-05-16 14:42:48,564 - INFO - 训练参数配置:
2025-05-16 14:42:48,565 - INFO - 批大小: 64
2025-05-16 14:42:48,565 - INFO - 训练轮数: 30
2025-05-16 14:42:48,565 - INFO - 学习率: 0.001
2025-05-16 14:42:48,565 - INFO - 特征维度: 256
2025-05-16 14:42:48,565 - INFO - 隐藏层维度: 256
2025-05-16 14:42:48,565 - INFO - 层数: 3
2025-05-16 14:42:48,565 - INFO - Dropout率: 0.1
2025-05-16 14:42:48,565 - INFO - 最大序列长度: 50
2025-05-16 14:42:48,567 - INFO - 随机种子已设置为42
2025-05-16 14:42:48,567 - INFO - 开始加载训练数据...
2025-05-16 14:42:48,567 - INFO - 正在加载文件: data/train.json
2025-05-16 14:42:48,567 - INFO - 从字典格式加载了 61 条对话
2025-05-16 14:42:48,567 - INFO - 成功加载训练数据，共 61 条对话
2025-05-16 14:42:48,567 - INFO - 开始加载验证数据...
2025-05-16 14:42:48,568 - INFO - 正在加载文件: data/valid_dataset.json
2025-05-16 14:42:48,583 - INFO - 从列表格式加载了 10000 条对话
2025-05-16 14:42:48,584 - INFO - 成功加载验证数据，共 10000 条对话
2025-05-16 14:42:48,584 - INFO - 开始训练模型...
2025-05-16 14:42:48,584 - INFO - Using CPU for training
2025-05-16 14:42:48,586 - INFO - Vocabulary size: 308
2025-05-16 14:42:50,028 - INFO - 
Epoch 1/30
2025-05-16 14:42:51,679 - INFO - Val Batch [10/157] Loss: 5.6433
2025-05-16 14:42:52,610 - INFO - Val Batch [20/157] Loss: 5.6410
2025-05-16 14:42:53,574 - INFO - Val Batch [30/157] Loss: 5.6406
2025-05-16 14:42:54,554 - INFO - Val Batch [40/157] Loss: 5.6390
2025-05-16 14:42:55,471 - INFO - Val Batch [50/157] Loss: 5.6407
2025-05-16 14:42:56,385 - INFO - Val Batch [60/157] Loss: 5.6405
2025-05-16 14:42:57,379 - INFO - Val Batch [70/157] Loss: 5.6403
2025-05-16 14:42:58,355 - INFO - Val Batch [80/157] Loss: 5.6403
2025-05-16 14:42:59,311 - INFO - Val Batch [90/157] Loss: 5.6405
2025-05-16 14:43:00,303 - INFO - Val Batch [100/157] Loss: 5.6403
2025-05-16 14:43:01,280 - INFO - Val Batch [110/157] Loss: 5.6401
2025-05-16 14:43:02,334 - INFO - Val Batch [120/157] Loss: 5.6398
2025-05-16 14:43:03,570 - INFO - Val Batch [130/157] Loss: 5.6397
2025-05-16 14:43:04,616 - INFO - Val Batch [140/157] Loss: 5.6399
2025-05-16 14:43:05,685 - INFO - Val Batch [150/157] Loss: 5.6399
2025-05-16 14:43:06,347 - INFO - Train Loss: 5.7340, Val Loss: 5.6400
2025-05-16 14:43:06,348 - INFO - accuracy: Train=0.0026, Val=0.0426
2025-05-16 14:43:06,348 - INFO - precision: Train=0.0026, Val=0.0435
2025-05-16 14:43:06,348 - INFO - recall: Train=0.0026, Val=0.0426
2025-05-16 14:43:06,348 - INFO - f1: Train=0.0026, Val=0.0431
2025-05-16 14:43:06,373 - INFO - Model saved to checkpoints/best_model.pth
2025-05-16 14:43:06,374 - INFO - 
Epoch 2/30
2025-05-16 14:43:08,405 - INFO - Val Batch [10/157] Loss: 5.4561
2025-05-16 14:43:09,537 - INFO - Val Batch [20/157] Loss: 5.4563
2025-05-16 14:43:10,820 - INFO - Val Batch [30/157] Loss: 5.4552
2025-05-16 14:43:11,958 - INFO - Val Batch [40/157] Loss: 5.4547
2025-05-16 14:43:13,053 - INFO - Val Batch [50/157] Loss: 5.4550
2025-05-16 14:43:14,124 - INFO - Val Batch [60/157] Loss: 5.4549
2025-05-16 14:43:15,157 - INFO - Val Batch [70/157] Loss: 5.4556
2025-05-16 14:43:16,211 - INFO - Val Batch [80/157] Loss: 5.4556
2025-05-16 14:43:17,298 - INFO - Val Batch [90/157] Loss: 5.4561
2025-05-16 14:43:18,278 - INFO - Val Batch [100/157] Loss: 5.4561
2025-05-16 14:43:19,289 - INFO - Val Batch [110/157] Loss: 5.4564
2025-05-16 14:43:20,298 - INFO - Val Batch [120/157] Loss: 5.4561
2025-05-16 14:43:21,503 - INFO - Val Batch [130/157] Loss: 5.4563
2025-05-16 14:43:22,528 - INFO - Val Batch [140/157] Loss: 5.4562
2025-05-16 14:43:23,549 - INFO - Val Batch [150/157] Loss: 5.4566
2025-05-16 14:43:24,234 - INFO - Train Loss: 5.5206, Val Loss: 5.4566
2025-05-16 14:43:24,234 - INFO - accuracy: Train=0.0584, Val=0.0464
2025-05-16 14:43:24,235 - INFO - precision: Train=0.0600, Val=0.0474
2025-05-16 14:43:24,235 - INFO - recall: Train=0.0584, Val=0.0464
2025-05-16 14:43:24,235 - INFO - f1: Train=0.0592, Val=0.0469
2025-05-16 14:43:24,259 - INFO - Model saved to checkpoints/best_model.pth
2025-05-16 14:43:24,259 - INFO - 
Epoch 3/30
2025-05-16 14:43:25,804 - INFO - Val Batch [10/157] Loss: 5.2902
2025-05-16 14:43:26,877 - INFO - Val Batch [20/157] Loss: 5.2911
2025-05-16 14:43:27,891 - INFO - Val Batch [30/157] Loss: 5.2835
2025-05-16 14:43:28,905 - INFO - Val Batch [40/157] Loss: 5.2830
2025-05-16 14:43:29,903 - INFO - Val Batch [50/157] Loss: 5.2812
2025-05-16 14:43:30,942 - INFO - Val Batch [60/157] Loss: 5.2820
2025-05-16 14:43:31,964 - INFO - Val Batch [70/157] Loss: 5.2794
2025-05-16 14:43:32,985 - INFO - Val Batch [80/157] Loss: 5.2792
2025-05-16 14:43:34,008 - INFO - Val Batch [90/157] Loss: 5.2789
2025-05-16 14:43:35,054 - INFO - Val Batch [100/157] Loss: 5.2792
2025-05-16 14:43:36,069 - INFO - Val Batch [110/157] Loss: 5.2786
2025-05-16 14:43:37,143 - INFO - Val Batch [120/157] Loss: 5.2780
2025-05-16 14:43:38,217 - INFO - Val Batch [130/157] Loss: 5.2798
2025-05-16 14:43:39,332 - INFO - Val Batch [140/157] Loss: 5.2806
2025-05-16 14:43:40,375 - INFO - Val Batch [150/157] Loss: 5.2798
2025-05-16 14:43:41,060 - INFO - Train Loss: 5.2377, Val Loss: 5.2795
2025-05-16 14:43:41,060 - INFO - accuracy: Train=0.0619, Val=0.0457
2025-05-16 14:43:41,060 - INFO - precision: Train=0.0635, Val=0.0467
2025-05-16 14:43:41,061 - INFO - recall: Train=0.0619, Val=0.0457
2025-05-16 14:43:41,061 - INFO - f1: Train=0.0627, Val=0.0462
2025-05-16 14:43:41,084 - INFO - Model saved to checkpoints/best_model.pth
2025-05-16 14:43:41,084 - INFO - 
Epoch 4/30
2025-05-16 14:43:42,644 - INFO - Val Batch [10/157] Loss: 5.1544
2025-05-16 14:43:43,676 - INFO - Val Batch [20/157] Loss: 5.1397
2025-05-16 14:43:44,685 - INFO - Val Batch [30/157] Loss: 5.1256
2025-05-16 14:43:45,727 - INFO - Val Batch [40/157] Loss: 5.1197
2025-05-16 14:43:46,732 - INFO - Val Batch [50/157] Loss: 5.1245
2025-05-16 14:43:47,772 - INFO - Val Batch [60/157] Loss: 5.1248
2025-05-16 14:43:48,839 - INFO - Val Batch [70/157] Loss: 5.1261
2025-05-16 14:43:49,907 - INFO - Val Batch [80/157] Loss: 5.1296
2025-05-16 14:43:51,063 - INFO - Val Batch [90/157] Loss: 5.1303
2025-05-16 14:43:52,696 - INFO - Val Batch [100/157] Loss: 5.1333
2025-05-16 14:43:53,820 - INFO - Val Batch [110/157] Loss: 5.1340
2025-05-16 14:43:54,824 - INFO - Val Batch [120/157] Loss: 5.1315
2025-05-16 14:43:55,843 - INFO - Val Batch [130/157] Loss: 5.1324
2025-05-16 14:43:56,980 - INFO - Val Batch [140/157] Loss: 5.1325
2025-05-16 14:43:58,251 - INFO - Val Batch [150/157] Loss: 5.1311
2025-05-16 14:43:58,935 - INFO - Train Loss: 5.0532, Val Loss: 5.1315
2025-05-16 14:43:58,936 - INFO - accuracy: Train=0.0619, Val=0.0508
2025-05-16 14:43:58,936 - INFO - precision: Train=0.0635, Val=0.0519
2025-05-16 14:43:58,936 - INFO - recall: Train=0.0619, Val=0.0508
2025-05-16 14:43:58,936 - INFO - f1: Train=0.0627, Val=0.0513
2025-05-16 14:43:58,961 - INFO - Model saved to checkpoints/best_model.pth
2025-05-16 14:43:58,962 - INFO - 
Epoch 5/30
2025-05-16 14:44:00,555 - INFO - Val Batch [10/157] Loss: 4.9949
2025-05-16 14:44:01,541 - INFO - Val Batch [20/157] Loss: 4.9983
2025-05-16 14:44:02,494 - INFO - Val Batch [30/157] Loss: 4.9927
2025-05-16 14:44:03,486 - INFO - Val Batch [40/157] Loss: 4.9978
2025-05-16 14:44:04,474 - INFO - Val Batch [50/157] Loss: 4.9996
2025-05-16 14:44:04,785 - INFO - Training interrupted by user
2025-05-16 14:44:05,395 - INFO - 模型训练完成！
2025-05-16 14:44:55,823 - INFO - 使用设备: cpu
2025-05-16 14:44:55,823 - INFO - 训练参数配置:
2025-05-16 14:44:55,823 - INFO - 批大小: 64
2025-05-16 14:44:55,824 - INFO - 训练轮数: 30
2025-05-16 14:44:55,824 - INFO - 学习率: 0.001
2025-05-16 14:44:55,824 - INFO - 特征维度: 256
2025-05-16 14:44:55,824 - INFO - 隐藏层维度: 256
2025-05-16 14:44:55,824 - INFO - 层数: 3
2025-05-16 14:44:55,824 - INFO - Dropout率: 0.1
2025-05-16 14:44:55,824 - INFO - 最大序列长度: 50
2025-05-16 14:44:55,826 - INFO - 随机种子已设置为42
2025-05-16 14:44:55,826 - INFO - 开始加载训练数据...
2025-05-16 14:44:55,826 - INFO - 正在加载文件: data/LCCC-base_train.json
2025-05-16 14:45:05,813 - INFO - 从列表格式加载了 0 条对话
2025-05-16 14:45:06,616 - ERROR - 无法加载训练数据，程序退出
2025-05-16 14:45:58,083 - INFO - 使用设备: cpu
2025-05-16 14:45:58,084 - INFO - 训练参数配置:
2025-05-16 14:45:58,084 - INFO - 批大小: 64
2025-05-16 14:45:58,084 - INFO - 训练轮数: 30
2025-05-16 14:45:58,084 - INFO - 学习率: 0.001
2025-05-16 14:45:58,084 - INFO - 特征维度: 256
2025-05-16 14:45:58,084 - INFO - 隐藏层维度: 256
2025-05-16 14:45:58,084 - INFO - 层数: 3
2025-05-16 14:45:58,085 - INFO - Dropout率: 0.1
2025-05-16 14:45:58,085 - INFO - 最大序列长度: 50
2025-05-16 14:45:58,086 - INFO - 随机种子已设置为42
2025-05-16 14:45:58,086 - INFO - 开始加载训练数据...
2025-05-16 14:45:58,086 - INFO - 正在加载文件: data/LCCC-base_train.json
2025-05-16 14:46:12,123 - INFO - 从LCCC格式加载了 13253214 条对话
2025-05-16 14:46:12,513 - INFO - 成功加载训练数据，共 13253214 条对话
2025-05-16 14:46:12,513 - INFO - 开始加载验证数据...
2025-05-16 14:46:12,514 - INFO - 正在加载文件: data/LCCC-base_test.json
2025-05-16 14:46:12,530 - INFO - 从LCCC格式加载了 19008 条对话
2025-05-16 14:46:12,532 - INFO - 成功加载验证数据，共 19008 条对话
2025-05-16 14:46:12,533 - INFO - 开始训练模型...
2025-05-16 14:46:12,533 - INFO - Using CPU for training
2025-05-16 14:47:22,835 - INFO - Vocabulary size: 7441
2025-05-16 14:47:25,036 - INFO - 
Epoch 1/30
2025-05-16 14:47:33,244 - INFO - Training interrupted by user
2025-05-16 14:47:34,041 - INFO - 模型训练完成！
2025-05-16 14:47:52,662 - INFO - 使用设备: cpu
2025-05-16 14:47:52,663 - INFO - 训练参数配置:
2025-05-16 14:47:52,663 - INFO - 批大小: 64
2025-05-16 14:47:52,663 - INFO - 训练轮数: 30
2025-05-16 14:47:52,663 - INFO - 学习率: 0.001
2025-05-16 14:47:52,663 - INFO - 特征维度: 256
2025-05-16 14:47:52,663 - INFO - 隐藏层维度: 256
2025-05-16 14:47:52,663 - INFO - 层数: 3
2025-05-16 14:47:52,664 - INFO - Dropout率: 0.1
2025-05-16 14:47:52,664 - INFO - 最大序列长度: 50
2025-05-16 14:47:52,667 - INFO - 随机种子已设置为42
2025-05-16 14:47:52,667 - INFO - 开始加载训练数据...
2025-05-16 14:47:52,667 - INFO - 正在加载文件: data/LCCC-base_train.json
2025-05-16 14:48:02,759 - INFO - 数据格式: <class 'list'>
2025-05-16 14:48:02,759 - INFO - 列表长度: 6820506
2025-05-16 14:48:02,759 - INFO - 第一个元素类型: <class 'list'>
2025-05-16 14:48:03,108 - INFO - 从列表格式加载了 0 条对话
2025-05-16 14:48:03,939 - ERROR - 无法加载训练数据，程序退出
2025-05-16 14:48:35,607 - INFO - 使用设备: cpu
2025-05-16 14:48:35,608 - INFO - 训练参数配置:
2025-05-16 14:48:35,608 - INFO - 批大小: 64
2025-05-16 14:48:35,608 - INFO - 训练轮数: 30
2025-05-16 14:48:35,608 - INFO - 学习率: 0.001
2025-05-16 14:48:35,609 - INFO - 特征维度: 256
2025-05-16 14:48:35,609 - INFO - 隐藏层维度: 256
2025-05-16 14:48:35,609 - INFO - 层数: 3
2025-05-16 14:48:35,609 - INFO - Dropout率: 0.1
2025-05-16 14:48:35,609 - INFO - 最大序列长度: 50
2025-05-16 14:48:35,610 - INFO - 随机种子已设置为42
2025-05-16 14:48:35,611 - INFO - 开始加载训练数据...
2025-05-16 14:48:35,611 - INFO - 正在加载文件: data/LCCC-base_train.json
2025-05-16 14:48:45,253 - INFO - 数据格式: <class 'list'>
2025-05-16 14:48:45,254 - INFO - 列表长度: 6820506
2025-05-16 14:48:45,254 - INFO - 第一个元素类型: <class 'list'>
2025-05-16 14:48:51,460 - INFO - 从对话列表格式加载了 13253214 条对话
2025-05-16 14:48:51,887 - INFO - 成功加载训练数据，共 13253214 条对话
2025-05-16 14:48:51,888 - INFO - 开始加载验证数据...
2025-05-16 14:48:51,888 - INFO - 正在加载文件: data/LCCC-base_test.json
2025-05-16 14:48:51,910 - INFO - 数据格式: <class 'list'>
2025-05-16 14:48:51,910 - INFO - 列表长度: 10000
2025-05-16 14:48:51,910 - INFO - 第一个元素类型: <class 'list'>
2025-05-16 14:48:51,916 - INFO - 从对话列表格式加载了 19008 条对话
2025-05-16 14:48:51,918 - INFO - 成功加载验证数据，共 19008 条对话
2025-05-16 14:48:51,918 - INFO - 开始训练模型...
2025-05-16 14:48:51,918 - INFO - Using CPU for training
2025-05-16 14:50:00,250 - INFO - Vocabulary size: 7441
2025-05-16 14:50:01,581 - INFO - 
Epoch 1/30
2025-05-16 14:50:14,300 - INFO - Train Batch [10/207082] Loss: 6.5228
2025-05-16 14:50:26,725 - INFO - Train Batch [20/207082] Loss: 5.7421
2025-05-16 14:50:39,259 - INFO - Train Batch [30/207082] Loss: 5.4063
2025-05-16 14:50:51,593 - INFO - Train Batch [40/207082] Loss: 5.2538
2025-05-16 14:51:03,358 - INFO - Train Batch [50/207082] Loss: 5.1281
2025-05-16 14:51:15,095 - INFO - Train Batch [60/207082] Loss: 5.0451
2025-05-16 14:51:26,937 - INFO - Train Batch [70/207082] Loss: 4.9916
2025-05-16 14:51:38,713 - INFO - Train Batch [80/207082] Loss: 4.9400
2025-05-16 14:51:50,733 - INFO - Train Batch [90/207082] Loss: 4.9042
2025-05-16 14:52:02,895 - INFO - Train Batch [100/207082] Loss: 4.8771
2025-05-16 14:52:14,775 - INFO - Train Batch [110/207082] Loss: 4.8528
2025-05-16 14:52:26,977 - INFO - Train Batch [120/207082] Loss: 4.8326
2025-05-16 14:52:39,280 - INFO - Train Batch [130/207082] Loss: 4.8188
2025-05-16 14:52:51,150 - INFO - Train Batch [140/207082] Loss: 4.7979
2025-05-16 14:53:03,152 - INFO - Train Batch [150/207082] Loss: 4.7767
2025-05-16 14:53:15,122 - INFO - Train Batch [160/207082] Loss: 4.7585
2025-05-16 14:53:27,030 - INFO - Train Batch [170/207082] Loss: 4.7415
2025-05-16 14:53:38,932 - INFO - Train Batch [180/207082] Loss: 4.7281
2025-05-16 14:53:50,980 - INFO - Train Batch [190/207082] Loss: 4.7166
2025-05-16 14:54:03,186 - INFO - Train Batch [200/207082] Loss: 4.7063
2025-05-16 14:54:15,153 - INFO - Train Batch [210/207082] Loss: 4.6989
2025-05-16 14:54:27,833 - INFO - Train Batch [220/207082] Loss: 4.6893
2025-05-16 14:54:40,672 - INFO - Train Batch [230/207082] Loss: 4.6858
2025-05-16 14:54:53,084 - INFO - Train Batch [240/207082] Loss: 4.6784
2025-05-16 14:55:05,299 - INFO - Train Batch [250/207082] Loss: 4.6727
2025-05-16 14:55:17,272 - INFO - Train Batch [260/207082] Loss: 4.6652
2025-05-16 14:55:30,033 - INFO - Train Batch [270/207082] Loss: 4.6639
2025-05-16 14:55:42,193 - INFO - Train Batch [280/207082] Loss: 4.6582
2025-05-16 14:55:54,165 - INFO - Train Batch [290/207082] Loss: 4.6500
2025-05-16 14:56:06,225 - INFO - Train Batch [300/207082] Loss: 4.6452
2025-05-16 14:56:18,552 - INFO - Train Batch [310/207082] Loss: 4.6423
2025-05-16 14:56:30,707 - INFO - Train Batch [320/207082] Loss: 4.6365
2025-05-16 14:56:43,090 - INFO - Train Batch [330/207082] Loss: 4.6358
2025-05-16 14:56:55,266 - INFO - Train Batch [340/207082] Loss: 4.6310
2025-05-16 14:57:07,289 - INFO - Train Batch [350/207082] Loss: 4.6251
2025-05-16 14:57:19,223 - INFO - Train Batch [360/207082] Loss: 4.6215
2025-05-16 14:57:31,354 - INFO - Train Batch [370/207082] Loss: 4.6176
2025-05-16 14:57:43,196 - INFO - Train Batch [380/207082] Loss: 4.6146
2025-05-16 14:57:54,946 - INFO - Train Batch [390/207082] Loss: 4.6081
2025-05-16 14:58:06,795 - INFO - Train Batch [400/207082] Loss: 4.6044
2025-05-16 14:58:18,580 - INFO - Train Batch [410/207082] Loss: 4.5994
2025-05-16 14:58:30,355 - INFO - Train Batch [420/207082] Loss: 4.5944
2025-05-16 14:58:42,104 - INFO - Train Batch [430/207082] Loss: 4.5923
2025-05-16 14:58:53,860 - INFO - Train Batch [440/207082] Loss: 4.5891
2025-05-16 14:59:05,503 - INFO - Train Batch [450/207082] Loss: 4.5911
2025-05-16 14:59:17,194 - INFO - Train Batch [460/207082] Loss: 4.5884
2025-05-16 14:59:28,939 - INFO - Train Batch [470/207082] Loss: 4.5816
2025-05-16 14:59:40,658 - INFO - Train Batch [480/207082] Loss: 4.5794
2025-05-16 14:59:52,443 - INFO - Train Batch [490/207082] Loss: 4.5764
2025-05-16 15:00:04,113 - INFO - Train Batch [500/207082] Loss: 4.5676
2025-05-16 15:00:15,703 - INFO - Train Batch [510/207082] Loss: 4.5620
2025-05-16 15:00:27,297 - INFO - Train Batch [520/207082] Loss: 4.5577
2025-05-16 15:00:38,869 - INFO - Train Batch [530/207082] Loss: 4.5569
2025-05-16 15:00:50,453 - INFO - Train Batch [540/207082] Loss: 4.5549
2025-05-16 15:01:01,991 - INFO - Train Batch [550/207082] Loss: 4.5523
2025-05-16 15:01:13,686 - INFO - Train Batch [560/207082] Loss: 4.5520
2025-05-16 15:01:25,244 - INFO - Train Batch [570/207082] Loss: 4.5498
2025-05-16 15:01:36,894 - INFO - Train Batch [580/207082] Loss: 4.5471
2025-05-16 15:01:48,399 - INFO - Train Batch [590/207082] Loss: 4.5435
2025-05-16 15:02:00,048 - INFO - Train Batch [600/207082] Loss: 4.5404
2025-05-16 15:02:11,633 - INFO - Train Batch [610/207082] Loss: 4.5370
2025-05-16 15:02:23,376 - INFO - Train Batch [620/207082] Loss: 4.5349
2025-05-16 15:02:34,959 - INFO - Train Batch [630/207082] Loss: 4.5300
2025-05-16 15:02:46,546 - INFO - Train Batch [640/207082] Loss: 4.5245
2025-05-16 15:02:58,114 - INFO - Train Batch [650/207082] Loss: 4.5231
2025-05-16 15:03:09,726 - INFO - Train Batch [660/207082] Loss: 4.5186
2025-05-16 15:03:21,372 - INFO - Train Batch [670/207082] Loss: 4.5168
2025-05-16 15:03:32,955 - INFO - Train Batch [680/207082] Loss: 4.5149
2025-05-16 15:03:44,474 - INFO - Train Batch [690/207082] Loss: 4.5094
2025-05-16 15:03:56,105 - INFO - Train Batch [700/207082] Loss: 4.5108
2025-05-16 15:04:07,533 - INFO - Train Batch [710/207082] Loss: 4.5083
2025-05-16 15:04:19,544 - INFO - Train Batch [720/207082] Loss: 4.5052
2025-05-16 15:04:31,664 - INFO - Train Batch [730/207082] Loss: 4.5046
2025-05-16 15:04:43,963 - INFO - Train Batch [740/207082] Loss: 4.5013
2025-05-16 15:04:56,767 - INFO - Training interrupted by user
2025-05-16 15:04:57,261 - INFO - 模型训练完成！
2025-05-16 15:05:57,280 - INFO - 使用设备: cpu
2025-05-16 15:05:57,281 - INFO - 训练参数配置:
2025-05-16 15:05:57,281 - INFO - 批大小: 64
2025-05-16 15:05:57,281 - INFO - 训练轮数: 30
2025-05-16 15:05:57,282 - INFO - 学习率: 0.001
2025-05-16 15:05:57,282 - INFO - 特征维度: 256
2025-05-16 15:05:57,282 - INFO - 隐藏层维度: 256
2025-05-16 15:05:57,282 - INFO - 层数: 3
2025-05-16 15:05:57,282 - INFO - Dropout率: 0.1
2025-05-16 15:05:57,282 - INFO - 最大序列长度: 50
2025-05-16 15:05:57,283 - INFO - 随机种子已设置为42
2025-05-16 15:05:57,284 - INFO - 开始加载训练数据...
2025-05-16 15:05:57,284 - INFO - 正在加载文件: data/LCCC-base_train.json
2025-05-16 15:06:06,938 - INFO - 数据格式: <class 'list'>
2025-05-16 15:06:06,938 - INFO - 列表长度: 6820506
2025-05-16 15:06:06,938 - INFO - 第一个元素类型: <class 'list'>
2025-05-16 15:06:10,812 - INFO - 从对话列表格式加载了 13253214 条对话
2025-05-16 15:06:11,117 - INFO - 成功加载训练数据，共 13253214 条对话
2025-05-16 15:06:11,118 - INFO - 开始加载验证数据...
2025-05-16 15:06:11,118 - INFO - 正在加载文件: data/LCCC-base_test.json
2025-05-16 15:06:11,126 - INFO - 数据格式: <class 'list'>
2025-05-16 15:06:11,126 - INFO - 列表长度: 10000
2025-05-16 15:06:11,126 - INFO - 第一个元素类型: <class 'list'>
2025-05-16 15:06:11,132 - INFO - 从对话列表格式加载了 19008 条对话
2025-05-16 15:06:11,133 - INFO - 成功加载验证数据，共 19008 条对话
2025-05-16 15:06:11,133 - INFO - 开始训练模型...
2025-05-16 15:06:11,133 - INFO - Using CPU for training
2025-05-16 15:07:17,298 - INFO - Vocabulary size: 7441
2025-05-16 15:07:18,488 - INFO - 
Epoch 1/30
2025-05-16 15:07:31,787 - INFO - Train Batch [10/207082] Loss: 6.5228
2025-05-16 15:07:45,939 - INFO - Train Batch [20/207082] Loss: 5.7421
2025-05-16 15:08:00,819 - INFO - Train Batch [30/207082] Loss: 5.4063
2025-05-16 15:08:15,717 - INFO - Train Batch [40/207082] Loss: 5.2538
2025-05-16 15:08:31,173 - INFO - Train Batch [50/207082] Loss: 5.1281
2025-05-16 15:08:45,948 - INFO - Train Batch [60/207082] Loss: 5.0451
2025-05-16 15:08:59,433 - INFO - Train Batch [70/207082] Loss: 4.9916
2025-05-16 15:09:12,663 - INFO - Train Batch [80/207082] Loss: 4.9400
2025-05-16 15:09:25,738 - INFO - Train Batch [90/207082] Loss: 4.9042
2025-05-16 15:09:38,605 - INFO - Train Batch [100/207082] Loss: 4.8771
2025-05-16 15:09:51,599 - INFO - Train Batch [110/207082] Loss: 4.8528
2025-05-16 15:10:04,794 - INFO - Train Batch [120/207082] Loss: 4.8326
2025-05-16 15:10:18,117 - INFO - Train Batch [130/207082] Loss: 4.8188
2025-05-16 15:10:31,206 - INFO - Train Batch [140/207082] Loss: 4.7979
2025-05-16 15:10:44,631 - INFO - Train Batch [150/207082] Loss: 4.7767
2025-05-16 15:10:57,958 - INFO - Train Batch [160/207082] Loss: 4.7585
2025-05-16 15:11:10,943 - INFO - Train Batch [170/207082] Loss: 4.7415
2025-05-16 15:11:23,820 - INFO - Train Batch [180/207082] Loss: 4.7281
2025-05-16 15:11:37,459 - INFO - Train Batch [190/207082] Loss: 4.7166
2025-05-16 15:11:51,276 - INFO - Train Batch [200/207082] Loss: 4.7063
2025-05-16 15:12:04,128 - INFO - Train Batch [210/207082] Loss: 4.6989
2025-05-16 15:12:18,397 - INFO - Train Batch [220/207082] Loss: 4.6893
2025-05-16 15:12:32,457 - INFO - Train Batch [230/207082] Loss: 4.6858
2025-05-16 15:12:46,891 - INFO - Train Batch [240/207082] Loss: 4.6784
2025-05-16 15:13:00,410 - INFO - Train Batch [250/207082] Loss: 4.6727
2025-05-16 15:13:14,446 - INFO - Train Batch [260/207082] Loss: 4.6652
2025-05-16 15:13:29,740 - INFO - Train Batch [270/207082] Loss: 4.6639
2025-05-16 15:13:43,484 - INFO - Train Batch [280/207082] Loss: 4.6582
2025-05-16 15:13:56,718 - INFO - Train Batch [290/207082] Loss: 4.6500
2025-05-16 15:14:09,250 - INFO - Train Batch [300/207082] Loss: 4.6452
2025-05-16 15:14:21,821 - INFO - Train Batch [310/207082] Loss: 4.6423
2025-05-16 15:14:34,752 - INFO - Train Batch [320/207082] Loss: 4.6365
2025-05-16 15:14:48,131 - INFO - Train Batch [330/207082] Loss: 4.6358
2025-05-16 15:15:01,031 - INFO - Train Batch [340/207082] Loss: 4.6310
2025-05-16 15:15:13,837 - INFO - Train Batch [350/207082] Loss: 4.6251
2025-05-16 15:15:26,961 - INFO - Train Batch [360/207082] Loss: 4.6215
2025-05-16 15:15:39,687 - INFO - Train Batch [370/207082] Loss: 4.6176
2025-05-16 15:15:52,705 - INFO - Train Batch [380/207082] Loss: 4.6146
2025-05-16 15:16:05,191 - INFO - Train Batch [390/207082] Loss: 4.6081
2025-05-16 15:16:18,075 - INFO - Train Batch [400/207082] Loss: 4.6044
2025-05-16 15:16:30,525 - INFO - Train Batch [410/207082] Loss: 4.5994
2025-05-16 15:16:43,095 - INFO - Train Batch [420/207082] Loss: 4.5944
2025-05-16 15:16:55,537 - INFO - Train Batch [430/207082] Loss: 4.5923
2025-05-16 15:17:08,012 - INFO - Train Batch [440/207082] Loss: 4.5891
2025-05-16 15:17:21,925 - INFO - Train Batch [450/207082] Loss: 4.5911
2025-05-16 15:17:35,082 - INFO - Train Batch [460/207082] Loss: 4.5884
2025-05-16 15:17:47,797 - INFO - Train Batch [470/207082] Loss: 4.5816
2025-05-16 15:18:00,878 - INFO - Train Batch [480/207082] Loss: 4.5794
2025-05-16 15:18:14,072 - INFO - Train Batch [490/207082] Loss: 4.5764
2025-05-16 15:18:27,533 - INFO - Train Batch [500/207082] Loss: 4.5676
2025-05-16 15:18:40,437 - INFO - Train Batch [510/207082] Loss: 4.5620
2025-05-16 15:18:53,080 - INFO - Train Batch [520/207082] Loss: 4.5577
2025-05-16 15:19:06,585 - INFO - Train Batch [530/207082] Loss: 4.5569
2025-05-16 15:19:19,698 - INFO - Train Batch [540/207082] Loss: 4.5549
2025-05-16 15:19:33,129 - INFO - Train Batch [550/207082] Loss: 4.5523
2025-05-16 15:19:46,915 - INFO - Train Batch [560/207082] Loss: 4.5520
2025-05-16 15:20:00,453 - INFO - Train Batch [570/207082] Loss: 4.5498
2025-05-16 15:20:14,131 - INFO - Train Batch [580/207082] Loss: 4.5471
2025-05-16 15:20:27,162 - INFO - Train Batch [590/207082] Loss: 4.5435
2025-05-16 15:20:39,371 - INFO - Train Batch [600/207082] Loss: 4.5404
2025-05-16 15:20:51,622 - INFO - Train Batch [610/207082] Loss: 4.5370
2025-05-16 15:21:05,046 - INFO - Train Batch [620/207082] Loss: 4.5349
2025-05-16 15:21:18,317 - INFO - Train Batch [630/207082] Loss: 4.5300
2025-05-16 15:21:30,937 - INFO - Train Batch [640/207082] Loss: 4.5245
2025-05-16 15:21:44,250 - INFO - Train Batch [650/207082] Loss: 4.5231
2025-05-16 15:21:56,676 - INFO - Train Batch [660/207082] Loss: 4.5186
2025-05-16 15:22:09,115 - INFO - Train Batch [670/207082] Loss: 4.5168
2025-05-16 15:22:22,128 - INFO - Train Batch [680/207082] Loss: 4.5149
2025-05-16 15:22:34,827 - INFO - Train Batch [690/207082] Loss: 4.5094
2025-05-16 15:22:47,484 - INFO - Train Batch [700/207082] Loss: 4.5108
2025-05-16 15:22:59,802 - INFO - Train Batch [710/207082] Loss: 4.5083
2025-05-16 15:23:12,998 - INFO - Train Batch [720/207082] Loss: 4.5052
2025-05-16 15:23:26,288 - INFO - Train Batch [730/207082] Loss: 4.5046
2025-05-16 15:23:38,611 - INFO - Train Batch [740/207082] Loss: 4.5013
2025-05-16 15:23:51,278 - INFO - Train Batch [750/207082] Loss: 4.5004
2025-05-16 15:24:04,089 - INFO - Train Batch [760/207082] Loss: 4.4976
2025-05-16 15:24:17,372 - INFO - Train Batch [770/207082] Loss: 4.4968
2025-05-16 15:24:30,397 - INFO - Train Batch [780/207082] Loss: 4.4946
2025-05-16 15:24:43,519 - INFO - Train Batch [790/207082] Loss: 4.4930
2025-05-16 15:24:56,619 - INFO - Train Batch [800/207082] Loss: 4.4936
2025-05-16 15:25:09,655 - INFO - Train Batch [810/207082] Loss: 4.4920
2025-05-16 15:25:22,833 - INFO - Train Batch [820/207082] Loss: 4.4892
2025-05-16 15:25:35,898 - INFO - Train Batch [830/207082] Loss: 4.4886
2025-05-16 15:25:48,495 - INFO - Train Batch [840/207082] Loss: 4.4869
2025-05-16 15:26:00,671 - INFO - Train Batch [850/207082] Loss: 4.4862
2025-05-16 15:26:13,883 - INFO - Train Batch [860/207082] Loss: 4.4848
2025-05-16 15:26:26,894 - INFO - Train Batch [870/207082] Loss: 4.4831
2025-05-16 15:26:39,629 - INFO - Train Batch [880/207082] Loss: 4.4811
2025-05-16 15:26:52,323 - INFO - Train Batch [890/207082] Loss: 4.4788
2025-05-16 15:27:04,596 - INFO - Train Batch [900/207082] Loss: 4.4757
2025-05-16 15:27:16,648 - INFO - Train Batch [910/207082] Loss: 4.4755
2025-05-16 15:27:28,915 - INFO - Train Batch [920/207082] Loss: 4.4754
2025-05-16 15:27:40,794 - INFO - Train Batch [930/207082] Loss: 4.4749
2025-05-16 15:27:52,721 - INFO - Train Batch [940/207082] Loss: 4.4740
2025-05-16 15:28:04,538 - INFO - Train Batch [950/207082] Loss: 4.4737
2025-05-16 15:28:16,338 - INFO - Train Batch [960/207082] Loss: 4.4728
2025-05-16 15:28:28,375 - INFO - Train Batch [970/207082] Loss: 4.4724
2025-05-16 15:28:40,767 - INFO - Train Batch [980/207082] Loss: 4.4687
2025-05-16 15:28:53,022 - INFO - Train Batch [990/207082] Loss: 4.4666
2025-05-16 15:29:05,994 - INFO - Train Batch [1000/207082] Loss: 4.4639
2025-05-16 15:29:19,404 - INFO - Train Batch [1010/207082] Loss: 4.4613
2025-05-16 15:29:32,181 - INFO - Train Batch [1020/207082] Loss: 4.4600
2025-05-16 15:29:44,369 - INFO - Train Batch [1030/207082] Loss: 4.4570
2025-05-16 15:29:57,619 - INFO - Train Batch [1040/207082] Loss: 4.4527
2025-05-16 15:30:10,375 - INFO - Train Batch [1050/207082] Loss: 4.4527
2025-05-16 15:30:23,869 - INFO - Train Batch [1060/207082] Loss: 4.4516
2025-05-16 15:30:36,539 - INFO - Train Batch [1070/207082] Loss: 4.4501
2025-05-16 15:30:42,744 - INFO - Training interrupted by user
2025-05-16 15:30:43,226 - INFO - 模型训练完成！
2025-05-16 17:54:43,984 - INFO - 使用设备: cpu
2025-05-16 17:54:43,984 - INFO - 训练参数配置:
2025-05-16 17:54:43,985 - INFO - 批大小: 64
2025-05-16 17:54:43,986 - INFO - 训练轮数: 30
2025-05-16 17:54:43,986 - INFO - 学习率: 0.001
2025-05-16 17:54:43,986 - INFO - 特征维度: 256
2025-05-16 17:54:43,986 - INFO - 隐藏层维度: 256
2025-05-16 17:54:43,986 - INFO - 层数: 3
2025-05-16 17:54:43,986 - INFO - Dropout率: 0.1
2025-05-16 17:54:43,986 - INFO - 最大序列长度: 50
2025-05-16 17:54:43,988 - INFO - 随机种子已设置为42
2025-05-16 17:54:43,989 - INFO - 开始加载训练数据...
2025-05-16 17:54:43,989 - INFO - 正在加载文件: data/LCCC-base_train.json
2025-05-16 17:54:53,440 - INFO - 数据格式: <class 'list'>
2025-05-16 17:54:53,441 - INFO - 列表长度: 6820506
2025-05-16 17:54:53,441 - INFO - 第一个元素类型: <class 'list'>
2025-05-16 17:54:57,496 - INFO - 从对话列表格式加载了 13253214 条对话
2025-05-16 17:54:57,794 - INFO - 成功加载训练数据，共 13253214 条对话
2025-05-16 17:54:57,795 - INFO - 开始加载验证数据...
2025-05-16 17:54:57,795 - INFO - 正在加载文件: data/LCCC-base_test.json
2025-05-16 17:54:57,806 - INFO - 数据格式: <class 'list'>
2025-05-16 17:54:57,807 - INFO - 列表长度: 10000
2025-05-16 17:54:57,807 - INFO - 第一个元素类型: <class 'list'>
2025-05-16 17:54:57,812 - INFO - 从对话列表格式加载了 19008 条对话
2025-05-16 17:54:57,813 - INFO - 成功加载验证数据，共 19008 条对话
2025-05-16 17:54:57,813 - INFO - 开始训练模型...
2025-05-16 17:54:57,814 - INFO - Using CPU for training
2025-05-16 18:07:31,933 - INFO - 使用设备: cpu
2025-05-16 18:07:31,934 - INFO - 训练参数配置:
2025-05-16 18:07:31,934 - INFO - 批大小: 64
2025-05-16 18:07:31,934 - INFO - 训练轮数: 30
2025-05-16 18:07:31,934 - INFO - 学习率: 0.001
2025-05-16 18:07:31,934 - INFO - 特征维度: 256
2025-05-16 18:07:31,934 - INFO - 隐藏层维度: 256
2025-05-16 18:07:31,934 - INFO - 层数: 3
2025-05-16 18:07:31,934 - INFO - Dropout率: 0.1
2025-05-16 18:07:31,934 - INFO - 最大序列长度: 50
2025-05-16 18:07:31,936 - INFO - 随机种子已设置为42
2025-05-16 18:07:31,936 - INFO - 开始加载训练数据...
2025-05-16 18:07:31,936 - INFO - 正在加载文件: data/LCCC-base_train.json
2025-05-16 18:07:43,049 - INFO - 数据格式: <class 'list'>
2025-05-16 18:07:43,049 - INFO - 列表长度: 6820506
2025-05-16 18:07:43,049 - INFO - 第一个元素类型: <class 'list'>
2025-05-16 18:07:48,821 - INFO - 从对话列表格式加载了 13253214 条对话
2025-05-16 18:07:49,159 - INFO - 成功加载训练数据，共 13253214 条对话
2025-05-16 18:07:49,160 - INFO - 开始加载验证数据...
2025-05-16 18:07:49,160 - INFO - 正在加载文件: data/LCCC-base_test.json
2025-05-16 18:07:49,179 - INFO - 数据格式: <class 'list'>
2025-05-16 18:07:49,180 - INFO - 列表长度: 10000
2025-05-16 18:07:49,180 - INFO - 第一个元素类型: <class 'list'>
2025-05-16 18:07:49,185 - INFO - 从对话列表格式加载了 19008 条对话
2025-05-16 18:07:49,187 - INFO - 成功加载验证数据，共 19008 条对话
2025-05-16 18:07:49,187 - INFO - 开始训练模型...
2025-05-16 18:07:49,187 - INFO - Using CPU for training
